<?xml version="1.0" encoding="UTF-8"?>
<testng-results ignored="0" total="2" passed="2" failed="0" skipped="0">
  <reporter-output>
  </reporter-output>
  <suite started-at="2023-03-01T16:35:13 IST" name="Surefire suite" finished-at="2023-03-01T16:35:13 IST" duration-ms="171">
    <groups>
    </groups>
    <test started-at="2023-03-01T16:35:13 IST" name="Surefire test" finished-at="2023-03-01T16:35:13 IST" duration-ms="171">
      <class name="TestCase1">
        <test-method is-config="true" signature="beforeSuite()[pri:0, instance:TestCase1@55f616cf]" started-at="2023-03-01T16:35:13 IST" name="beforeSuite" finished-at="2023-03-01T16:35:13 IST" duration-ms="76" status="PASS">
          <reporter-output>
          </reporter-output>
        </test-method> <!-- beforeSuite -->
        <test-method signature="Testcase1()[pri:0, instance:TestCase1@55f616cf]" started-at="2023-03-01T16:35:13 IST" name="Testcase1" finished-at="2023-03-01T16:35:13 IST" duration-ms="7" status="PASS">
          <reporter-output>
          </reporter-output>
        </test-method> <!-- Testcase1 -->
        <test-method is-config="true" signature="afterMethod(org.testng.ITestResult)[pri:0, instance:TestCase1@55f616cf]" started-at="2023-03-01T16:35:13 IST" name="afterMethod" finished-at="2023-03-01T16:35:13 IST" duration-ms="8" status="PASS">
          <params>
            <param index="0">
              <value>
                <![CDATA[[TestResult name=Testcase1 status=SUCCESS method=TestCase1.Testcase1()[pri:0, instance:TestCase1@55f616cf] output={null}]]]>
              </value>
            </param>
          </params>
          <reporter-output>
          </reporter-output>
        </test-method> <!-- afterMethod -->
        <test-method signature="Testcase2()[pri:0, instance:TestCase1@55f616cf]" started-at="2023-03-01T16:35:13 IST" name="Testcase2" finished-at="2023-03-01T16:35:13 IST" duration-ms="4" status="PASS">
          <reporter-output>
          </reporter-output>
        </test-method> <!-- Testcase2 -->
        <test-method is-config="true" signature="afterMethod(org.testng.ITestResult)[pri:0, instance:TestCase1@55f616cf]" started-at="2023-03-01T16:35:13 IST" name="afterMethod" finished-at="2023-03-01T16:35:13 IST" duration-ms="1" status="PASS">
          <params>
            <param index="0">
              <value>
                <![CDATA[[TestResult name=Testcase2 status=SUCCESS method=TestCase1.Testcase2()[pri:0, instance:TestCase1@55f616cf] output={null}]]]>
              </value>
            </param>
          </params>
          <reporter-output>
          </reporter-output>
        </test-method> <!-- afterMethod -->
      </class> <!-- TestCase1 -->
    </test> <!-- Surefire test -->
  </suite> <!-- Surefire suite -->
</testng-results>
